Flow report for skeleton
Tue Apr 21 12:59:21 2015
Quartus II Version 9.1 Build 350 03/24/2010 Service Pack 2 SJ Web Edition


---------------------
; Table of Contents ;
---------------------
  1. Legal Notice
  2. Flow Summary
  3. Flow Settings
  4. Flow Non-Default Global Settings
  5. Flow Elapsed Time
  6. Flow OS Summary
  7. Flow Log



----------------
; Legal Notice ;
----------------
Copyright (C) 1991-2010 Altera Corporation
Your use of Altera Corporation's design tools, logic functions 
and other software and tools, and its AMPP partner logic 
functions, and any output files from any of the foregoing 
(including device programming or simulation files), and any 
associated documentation or information are expressly subject 
to the terms and conditions of the Altera Program License 
Subscription Agreement, Altera MegaCore Function License 
Agreement, or other applicable license agreement, including, 
without limitation, that your use is for the sole purpose of 
programming logic devices manufactured by Altera and sold by 
Altera or its authorized distributors.  Please refer to the 
applicable agreement for further details.



+-----------------------------------------------------------------------------------+
; Flow Summary                                                                      ;
+------------------------------------+----------------------------------------------+
; Flow Status                        ; Successful - Tue Apr 21 12:57:28 2015        ;
; Quartus II Version                 ; 9.1 Build 350 03/24/2010 SP 2 SJ Web Edition ;
; Revision Name                      ; skeleton                                     ;
; Top-level Entity Name              ; skeleton                                     ;
; Family                             ; Cyclone IV E                                 ;
; Device                             ; EP4CE115F29C7                                ;
; Timing Models                      ; Preliminary                                  ;
; Met timing requirements            ; N/A                                          ;
; Total logic elements               ; 4,250 / 114,480 ( 4 % )                      ;
;     Total combinational functions  ; 4,147 / 114,480 ( 4 % )                      ;
;     Dedicated logic registers      ; 1,741 / 114,480 ( 2 % )                      ;
; Total registers                    ; 1741                                         ;
; Total pins                         ; 184 / 529 ( 35 % )                           ;
; Total virtual pins                 ; 0                                            ;
; Total memory bits                  ; 279,580 / 3,981,312 ( 7 % )                  ;
; Embedded Multiplier 9-bit elements ; 0 / 532 ( 0 % )                              ;
; Total PLLs                         ; 1 / 4 ( 25 % )                               ;
+------------------------------------+----------------------------------------------+


+-----------------------------------------+
; Flow Settings                           ;
+-------------------+---------------------+
; Option            ; Setting             ;
+-------------------+---------------------+
; Start date & time ; 04/21/2015 12:47:01 ;
; Main task         ; Compilation         ;
; Revision Name     ; skeleton            ;
+-------------------+---------------------+


+----------------------------------------------------------------------------------------------------------------------------------------------------------------------+
; Flow Non-Default Global Settings                                                                                                                                     ;
+-------------------------------------+------------------------------------------------------------------------+--------------------+-----------------+----------------+
; Assignment Name                     ; Value                                                                  ; Default Value      ; Entity Name     ; Section Id     ;
+-------------------------------------+------------------------------------------------------------------------+--------------------+-----------------+----------------+
; COMPILER_SIGNATURE_ID               ; 108126215658239.142963482009076                                        ; --                 ; --              ; --             ;
; CYCLONEII_OPTIMIZATION_TECHNIQUE    ; Speed                                                                  ; Balanced           ; --              ; --             ;
; EDA_OUTPUT_DATA_FORMAT              ; None                                                                   ; --                 ; --              ; eda_simulation ;
; EDA_RUN_TOOL_AUTOMATICALLY          ; Off                                                                    ; --                 ; --              ; eda_simulation ;
; FITTER_EFFORT                       ; Fast Fit                                                               ; Auto Fit           ; --              ; --             ;
; IP_TOOL_NAME                        ; ROM: 1-PORT                                                            ; --                 ; --              ; --             ;
; IP_TOOL_NAME                        ; RAM: 1-PORT                                                            ; --                 ; --              ; --             ;
; IP_TOOL_NAME                        ; RAM: 3-PORT                                                            ; --                 ; --              ; --             ;
; IP_TOOL_NAME                        ; ROM: 1-PORT                                                            ; --                 ; --              ; --             ;
; IP_TOOL_NAME                        ; RAM: 2-PORT                                                            ; --                 ; --              ; --             ;
; IP_TOOL_VERSION                     ; 9.1                                                                    ; --                 ; --              ; --             ;
; IP_TOOL_VERSION                     ; 9.1                                                                    ; --                 ; --              ; --             ;
; IP_TOOL_VERSION                     ; 9.1                                                                    ; --                 ; --              ; --             ;
; IP_TOOL_VERSION                     ; 9.1                                                                    ; --                 ; --              ; --             ;
; IP_TOOL_VERSION                     ; 9.1                                                                    ; --                 ; --              ; --             ;
; MAX_CORE_JUNCTION_TEMP              ; 85                                                                     ; --                 ; --              ; --             ;
; MIN_CORE_JUNCTION_TEMP              ; 0                                                                      ; --                 ; --              ; --             ;
; MISC_FILE                           ; Documents/Duke/Teaching/ECE 350/Quartus9Projects/skeleton/skeleton.dpf ; --                 ; --              ; --             ;
; MISC_FILE                           ; imem_inst.v                                                            ; --                 ; --              ; --             ;
; MISC_FILE                           ; imem.cmp                                                               ; --                 ; --              ; --             ;
; MISC_FILE                           ; dmem_inst.v                                                            ; --                 ; --              ; --             ;
; MISC_FILE                           ; dmem.cmp                                                               ; --                 ; --              ; --             ;
; MISC_FILE                           ; C:/Users/Juwan Hong/Desktop/FinalProject ECE v 3.0/skeleton.dpf        ; --                 ; --              ; --             ;
; MISC_FILE                           ; GridData_inst.v                                                        ; --                 ; --              ; --             ;
; MISC_FILE                           ; GridData_bb.v                                                          ; --                 ; --              ; --             ;
; MISC_FILE                           ; ColorData_bb.v                                                         ; --                 ; --              ; --             ;
; MISC_FILE                           ; memoryGrid_inst.v                                                      ; --                 ; --              ; --             ;
; MISC_FILE                           ; memoryGrid.cmp                                                         ; --                 ; --              ; --             ;
; NOMINAL_CORE_SUPPLY_VOLTAGE         ; 1.2V                                                                   ; --                 ; --              ; --             ;
; OPTIMIZE_POWER_DURING_SYNTHESIS     ; Off                                                                    ; Normal compilation ; --              ; --             ;
; PARTITION_COLOR                     ; 16764057                                                               ; --                 ; DE2_115_Default ; Top            ;
; PARTITION_COLOR                     ; 16764057                                                               ; --                 ; --              ; Top            ;
; PARTITION_FITTER_PRESERVATION_LEVEL ; PLACEMENT_AND_ROUTING                                                  ; --                 ; DE2_115_Default ; Top            ;
; PARTITION_NETLIST_TYPE              ; SOURCE                                                                 ; --                 ; DE2_115_Default ; Top            ;
; PARTITION_NETLIST_TYPE              ; SOURCE                                                                 ; --                 ; --              ; Top            ;
; SMART_RECOMPILE                     ; On                                                                     ; Off                ; --              ; --             ;
+-------------------------------------+------------------------------------------------------------------------+--------------------+-----------------+----------------+


+-------------------------------------------------------------------------------------------------------------------------------+
; Flow Elapsed Time                                                                                                             ;
+---------------------------+--------------+-------------------------+---------------------+------------------------------------+
; Module Name               ; Elapsed Time ; Average Processors Used ; Peak Virtual Memory ; Total CPU Time (on all processors) ;
+---------------------------+--------------+-------------------------+---------------------+------------------------------------+
; Analysis & Synthesis      ; 00:03:55     ; 1.0                     ; 317 MB              ; 00:04:22                           ;
; Fitter                    ; 00:05:50     ; 1.0                     ; 439 MB              ; 00:06:25                           ;
; TimeQuest Timing Analyzer ; 00:02:17     ; 1.0                     ; 367 MB              ; 00:02:11                           ;
; Assembler                 ; 00:00:24     ; 1.0                     ; 458 MB              ; 00:00:22                           ;
; Total                     ; 00:12:02     ; --                      ; --                  ; 00:12:58                           ;
+---------------------------+--------------+-------------------------+---------------------+------------------------------------+


+--------------------------------------------------------------------------------------------+
; Flow OS Summary                                                                            ;
+---------------------------+------------------+---------------+------------+----------------+
; Module Name               ; Machine Hostname ; OS Name       ; OS Version ; Processor type ;
+---------------------------+------------------+---------------+------------+----------------+
; Analysis & Synthesis      ; Diego_Lenovo     ; Windows Vista ; 6.2        ; x86_64         ;
; Fitter                    ; Diego_Lenovo     ; Windows Vista ; 6.2        ; x86_64         ;
; Assembler                 ; Diego_Lenovo     ; Windows Vista ; 6.2        ; x86_64         ;
; TimeQuest Timing Analyzer ; Diego_Lenovo     ; Windows Vista ; 6.2        ; x86_64         ;
+---------------------------+------------------+---------------+------------+----------------+


------------
; Flow Log ;
------------
quartus_map --read_settings_files=on --write_settings_files=off skeleton -c skeleton
quartus_fit --read_settings_files=off --write_settings_files=off skeleton -c skeleton
quartus_asm --read_settings_files=off --write_settings_files=off skeleton -c skeleton
quartus_sta skeleton -c skeleton



