Flow report for DE2_115_Default
Sat Apr 18 07:20:28 2015
Quartus II Version 9.1 Build 350 03/24/2010 Service Pack 2 SJ Web Edition


---------------------
; Table of Contents ;
---------------------
  1. Legal Notice
  2. Flow Summary
  3. Flow Settings
  4. Flow Non-Default Global Settings
  5. Flow Elapsed Time
  6. Flow OS Summary
  7. Flow Log



----------------
; Legal Notice ;
----------------
Copyright (C) 1991-2010 Altera Corporation
Your use of Altera Corporation's design tools, logic functions 
and other software and tools, and its AMPP partner logic 
functions, and any output files from any of the foregoing 
(including device programming or simulation files), and any 
associated documentation or information are expressly subject 
to the terms and conditions of the Altera Program License 
Subscription Agreement, Altera MegaCore Function License 
Agreement, or other applicable license agreement, including, 
without limitation, that your use is for the sole purpose of 
programming logic devices manufactured by Altera and sold by 
Altera or its authorized distributors.  Please refer to the 
applicable agreement for further details.



+-----------------------------------------------------------------------------------+
; Flow Summary                                                                      ;
+------------------------------------+----------------------------------------------+
; Flow Status                        ; Successful - Sat Apr 18 07:20:17 2015        ;
; Quartus II Version                 ; 9.1 Build 350 03/24/2010 SP 2 SJ Web Edition ;
; Revision Name                      ; DE2_115_Default                              ;
; Top-level Entity Name              ; DE2_115_Default                              ;
; Family                             ; Cyclone IV E                                 ;
; Device                             ; EP4CE115F29C7                                ;
; Timing Models                      ; Preliminary                                  ;
; Met timing requirements            ; N/A                                          ;
; Total logic elements               ; 955 / 114,480 ( < 1 % )                      ;
;     Total combinational functions  ; 935 / 114,480 ( < 1 % )                      ;
;     Dedicated logic registers      ; 267 / 114,480 ( < 1 % )                      ;
; Total registers                    ; 267                                          ;
; Total pins                         ; 518 / 529 ( 98 % )                           ;
; Total virtual pins                 ; 0                                            ;
; Total memory bits                  ; 0 / 3,981,312 ( 0 % )                        ;
; Embedded Multiplier 9-bit elements ; 0 / 532 ( 0 % )                              ;
; Total PLLs                         ; 1 / 4 ( 25 % )                               ;
+------------------------------------+----------------------------------------------+


+-----------------------------------------+
; Flow Settings                           ;
+-------------------+---------------------+
; Option            ; Setting             ;
+-------------------+---------------------+
; Start date & time ; 04/18/2015 07:18:21 ;
; Main task         ; Compilation         ;
; Revision Name     ; DE2_115_Default     ;
+-------------------+---------------------+


+--------------------------------------------------------------------------------------------------------------------------------------------------------------------------+
; Flow Non-Default Global Settings                                                                                                                                         ;
+-------------------------------------+-------------------------------------------------------------------------------------+---------------+-------------+----------------+
; Assignment Name                     ; Value                                                                               ; Default Value ; Entity Name ; Section Id     ;
+-------------------------------------+-------------------------------------------------------------------------------------+---------------+-------------+----------------+
; COMPILER_SIGNATURE_ID               ; 108126215658239.142935590006636                                                     ; --            ; --          ; --             ;
; IP_TOOL_NAME                        ; RAM: 3-PORT                                                                         ; --            ; --          ; --             ;
; IP_TOOL_VERSION                     ; 9.1                                                                                 ; --            ; --          ; --             ;
; MAX_CORE_JUNCTION_TEMP              ; 85                                                                                  ; --            ; --          ; --             ;
; MIN_CORE_JUNCTION_TEMP              ; 0                                                                                   ; --            ; --          ; --             ;
; MISC_FILE                           ; D:/Assignment/DE2_115_Default/DE2_115_Default.dpf                                   ; --            ; --          ; --             ;
; MISC_FILE                           ; E:/SVN/DE2_115/trunk/ref_design/DE2_115_Default/DE2_115_Default.dpf                 ; --            ; --          ; --             ;
; MISC_FILE                           ; E:/DE2_115_NEW/trunk/ref_design/DE2_115_Default/DE2_115_Default.dpf                 ; --            ; --          ; --             ;
; MISC_FILE                           ; C:/Users/student/Desktop/DE2_115_demonstrations/DE2_115_Default/DE2_115_Default.dpf ; --            ; --          ; --             ;
; MISC_FILE                           ; ../../Processor/skeleton_restored/tron_mem_inst.v                                   ; --            ; --          ; --             ;
; MISC_FILE                           ; ../../Processor/skeleton_restored/tron_mem_bb.v                                     ; --            ; --          ; --             ;
; MISC_FILE                           ; ../../Processor/skeleton_restored/tron_mem_syn.v                                    ; --            ; --          ; --             ;
; NUM_PARALLEL_PROCESSORS             ; 2                                                                                   ; --            ; --          ; --             ;
; PARTITION_COLOR                     ; 16764057                                                                            ; --            ; --          ; Top            ;
; PARTITION_FITTER_PRESERVATION_LEVEL ; PLACEMENT_AND_ROUTING                                                               ; --            ; --          ; Top            ;
; PARTITION_NETLIST_TYPE              ; SOURCE                                                                              ; --            ; --          ; Top            ;
; POWER_BOARD_THERMAL_MODEL           ; None (CONSERVATIVE)                                                                 ; --            ; --          ; --             ;
; POWER_PRESET_COOLING_SOLUTION       ; 23 MM HEAT SINK WITH 200 LFPM AIRFLOW                                               ; --            ; --          ; --             ;
; SMART_RECOMPILE                     ; On                                                                                  ; Off           ; --          ; --             ;
; USE_GENERATED_PHYSICAL_CONSTRAINTS  ; Off                                                                                 ; --            ; --          ; eda_blast_fpga ;
; VERILOG_CONSTANT_LOOP_LIMIT         ; 410000                                                                              ; 5000          ; --          ; --             ;
+-------------------------------------+-------------------------------------------------------------------------------------+---------------+-------------+----------------+


+-------------------------------------------------------------------------------------------------------------------------------+
; Flow Elapsed Time                                                                                                             ;
+---------------------------+--------------+-------------------------+---------------------+------------------------------------+
; Module Name               ; Elapsed Time ; Average Processors Used ; Peak Virtual Memory ; Total CPU Time (on all processors) ;
+---------------------------+--------------+-------------------------+---------------------+------------------------------------+
; Analysis & Synthesis      ; 00:00:11     ; 1.0                     ; 228 MB              ; 00:00:09                           ;
; Fitter                    ; 00:01:07     ; 1.0                     ; 401 MB              ; 00:01:03                           ;
; TimeQuest Timing Analyzer ; 00:00:25     ; 1.0                     ; 277 MB              ; 00:00:12                           ;
; Assembler                 ; 00:00:13     ; 1.0                     ; 430 MB              ; 00:00:10                           ;
; Total                     ; 00:01:43     ; --                      ; --                  ; 00:01:24                           ;
+---------------------------+--------------+-------------------------+---------------------+------------------------------------+


+--------------------------------------------------------------------------------------------+
; Flow OS Summary                                                                            ;
+---------------------------+------------------+---------------+------------+----------------+
; Module Name               ; Machine Hostname ; OS Name       ; OS Version ; Processor type ;
+---------------------------+------------------+---------------+------------+----------------+
; Analysis & Synthesis      ; Diego_Lenovo     ; Windows Vista ; 6.2        ; x86_64         ;
; Fitter                    ; Diego_Lenovo     ; Windows Vista ; 6.2        ; x86_64         ;
; Assembler                 ; Diego_Lenovo     ; Windows Vista ; 6.2        ; x86_64         ;
; TimeQuest Timing Analyzer ; Diego_Lenovo     ; Windows Vista ; 6.2        ; x86_64         ;
+---------------------------+------------------+---------------+------------+----------------+


------------
; Flow Log ;
------------
quartus_map --read_settings_files=on --write_settings_files=off DE2_115_Default -c DE2_115_Default
quartus_fit --read_settings_files=off --write_settings_files=off DE2_115_Default -c DE2_115_Default
quartus_asm --read_settings_files=off --write_settings_files=off DE2_115_Default -c DE2_115_Default
quartus_sta DE2_115_Default -c DE2_115_Default



